node:events:486
      throw er; // Unhandled 'error' event
      ^

Error: listen EADDRINUSE: address already in use :::3000
    at Server.setupListenHandle [as _listen2] (node:net:1948:16)
    at listenInCluster (node:net:2005:12)
    at Server.listen (node:net:2110:7)
    at app.listen (C:\Users\sheik\Downloads\Sofware\Markaz ERP\node_modules\express\lib\application.js:635:24)
    at startServer (C:\Users\sheik\Downloads\Sofware\Markaz ERP\index.js:88:7)
Emitted 'error' event on Server instance at:
    at emitErrorNT (node:net:1984:8)
    at process.processTicksAndRejections (node:internal/process/task_queues:90:21) {
  code: 'EADDRINUSE',
  errno: -4091,
  syscall: 'listen',
  address: '::',
  port: 3000
}

Node.js v24.14.0

  ╔══════════════════════════════════════╗
  ║      PLASTIC MARKAZ ERP System       ║
  ║      http://localhost:3000            ║
  ╚══════════════════════════════════════╝

